<?xml version='1.0' encoding='UTF-8'?>
<result>
  <suites>
    <suite>
      <file>C:\projetos\viewerhar\work\jobs\teste\workspace\target\chrome\surefire-reports\TEST-br.com.hotelurbano.tests.suites.SiteTesteProxySuiteTests.xml</file>
      <name>br.com.hotelurbano.tests.suites.SiteTesteProxySuiteTests</name>
      <duration>1.6340001</duration>
      <cases>
        <case>
          <duration>0.744</duration>
          <className>br.com.hotelurbano.tests.site.compra.HomeTesteProxyTest</className>
          <testName>testHomeTesteProxyTest</testName>
          <skipped>false</skipped>
          <failedSince>0</failedSince>
        </case>
        <case>
          <duration>0.89</duration>
          <className>br.com.hotelurbano.tests.site.compra.HomeTesteProxyTest</className>
          <testName>br.com.hotelurbano.tests.site.compra.HomeTesteProxyTest</testName>
          <skipped>false</skipped>
          <errorStackTrace>java.io.FileNotFoundException: .\chrome\br.com.hotelurbano.tests.suites.SiteTesteProxySuiteTests.har (O sistema não pode encontrar o caminho especificado)
	at java.io.FileOutputStream.open(Native Method)
	at java.io.FileOutputStream.&lt;init&gt;(FileOutputStream.java:206)
	at java.io.FileOutputStream.&lt;init&gt;(FileOutputStream.java:156)
	at org.codehaus.jackson.JsonFactory.createJsonGenerator(JsonFactory.java:510)
	at org.codehaus.jackson.map.ObjectMapper.writeValue(ObjectMapper.java:1548)
	at net.lightbody.bmp.core.har.Har.writeTo(Har.java:40)
	at br.com.hotelurbano.tests.site.CommonsTestSite.tearDown(CommonsTestSite.java:114)
	at sun.reflect.NativeMethodAccessorImpl.invoke0(Native Method)
	at sun.reflect.NativeMethodAccessorImpl.invoke(NativeMethodAccessorImpl.java:62)
	at sun.reflect.DelegatingMethodAccessorImpl.invoke(DelegatingMethodAccessorImpl.java:43)
	at java.lang.reflect.Method.invoke(Method.java:483)
	at org.junit.runners.model.FrameworkMethod$1.runReflectiveCall(FrameworkMethod.java:47)
	at org.junit.internal.runners.model.ReflectiveCallable.run(ReflectiveCallable.java:12)
	at org.junit.runners.model.FrameworkMethod.invokeExplosively(FrameworkMethod.java:44)
	at org.junit.internal.runners.statements.RunAfters.evaluate(RunAfters.java:33)
	at org.junit.runners.ParentRunner.run(ParentRunner.java:309)
	at org.junit.runners.Suite.runChild(Suite.java:127)
	at org.junit.runners.Suite.runChild(Suite.java:26)
	at org.junit.runners.ParentRunner$3.run(ParentRunner.java:238)
	at org.junit.runners.ParentRunner$1.schedule(ParentRunner.java:63)
	at org.junit.runners.ParentRunner.runChildren(ParentRunner.java:236)
	at org.junit.runners.ParentRunner.access$000(ParentRunner.java:53)
	at org.junit.runners.ParentRunner$2.evaluate(ParentRunner.java:229)
	at org.junit.runners.ParentRunner.run(ParentRunner.java:309)
	at org.apache.maven.surefire.junit4.JUnit4TestSet.execute(JUnit4TestSet.java:53)
	at org.apache.maven.surefire.junit4.JUnit4Provider.executeTestSet(JUnit4Provider.java:123)
	at org.apache.maven.surefire.junit4.JUnit4Provider.invoke(JUnit4Provider.java:104)
	at sun.reflect.NativeMethodAccessorImpl.invoke0(Native Method)
	at sun.reflect.NativeMethodAccessorImpl.invoke(NativeMethodAccessorImpl.java:62)
	at sun.reflect.DelegatingMethodAccessorImpl.invoke(DelegatingMethodAccessorImpl.java:43)
	at java.lang.reflect.Method.invoke(Method.java:483)
	at org.apache.maven.surefire.util.ReflectionUtils.invokeMethodWithArray(ReflectionUtils.java:164)
	at org.apache.maven.surefire.booter.ProviderFactory$ProviderProxy.invoke(ProviderFactory.java:110)
	at org.apache.maven.surefire.booter.SurefireStarter.invokeProvider(SurefireStarter.java:175)
	at org.apache.maven.surefire.booter.SurefireStarter.runSuitesInProcessWhenForked(SurefireStarter.java:107)
	at org.apache.maven.surefire.booter.ForkedBooter.main(ForkedBooter.java:68)
</errorStackTrace>
          <errorDetails>.\chrome\br.com.hotelurbano.tests.suites.SiteTesteProxySuiteTests.har (O sistema não pode encontrar o caminho especificado)</errorDetails>
          <failedSince>0</failedSince>
        </case>
      </cases>
    </suite>
  </suites>
  <duration>1.6340001</duration>
  <keepLongStdio>false</keepLongStdio>
</result>