<?xml version="1.0" encoding="UTF-8" ?>
<testsuite failures="0" time="20.503" errors="0" skipped="0" tests="7" name="InjectedTest">
  <properties>
[...]
</properties>
  <testcase time="0.225" classname="org.jvnet.hudson.test.JellyTestSuiteBuilder$JellyCheck" name="br\\eti\\tiagobraga\\jenkins\\plugins\\viewerhar\\ViewerHarReportAction\\index.jelly"/>
  <testcase time="0.244" classname="org.jvnet.hudson.test.JellyTestSuiteBuilder$JellyCheck" name="br\\eti\\tiagobraga\\jenkins\\plugins\\viewerhar\\ViewerHarReportPublisher\\config.jelly"/>
  <testcase time="0.026" classname="org.jvnet.hudson.test.JellyTestSuiteBuilder$JellyCheck" name="index.jelly"/>
  <testcase time="0.041" classname="org.jvnet.hudson.test.JellyTestSuiteBuilder$JellyCheck" name="viewerhar\\viewerhar\\HelloWorldBuilder\\config.jelly"/>
  <testcase time="0.022" classname="org.jvnet.hudson.test.JellyTestSuiteBuilder$JellyCheck" name="viewerhar\\viewerhar\\HelloWorldBuilder\\global.jelly"/>
  <testcase time="0" classname="org.jvnet.hudson.test.junit.FailedTest" name="org.jvnet.hudson.test.JellyTestSuiteBuilder$JellyTestSuite"/>
  <testcase time="3.293" classname="org.jvnet.hudson.test.PluginAutomaticTestBuilder$CliSanityTest" name="testCliSanity"/>
</testsuite>